*** Starting uWSGI 2.0.18-debian (64bit) on [Fri Apr 16 03:02:30 2021] ***
compiled with version: 10.0.1 20200405 (experimental) [master revision 0be9efad938:fcb98e4978a:705510a708d3642c9c962beb663c476167e4e8a4] on 11 April 2020 11:15:55
os: Linux-5.4.0-1043-aws #45-Ubuntu SMP Fri Apr 9 22:49:26 UTC 2021
nodename: ip-172-31-25-150
machine: x86_64
clock source: unix
pcre jit disabled
detected number of CPU cores: 1
current working directory: /home/ubuntu/deployment
writing pidfile to uwsgi.pid
detected binary path: /usr/bin/uwsgi-core
chdir() to /home/ubuntu/deployment/
your processes number limit is 3752
your memory page size is 4096 bytes
detected max file descriptor number: 1024
lock engine: pthread robust mutexes
thunder lock: disabled (you can enable it with --thunder-lock)
uwsgi socket 0 bound to UNIX address /home/ubuntu/deployment/yourapplication.sock fd 3
your server socket listen backlog is limited to 100 connections
your mercy for graceful operations on workers is 60 seconds
mapped 364600 bytes (356 KB) for 4 cores
*** Operational MODE: preforking ***
*** no app loaded. going in full dynamic mode ***
*** uWSGI is running in multiple interpreter mode ***
!!!!!!!!!!!!!! WARNING !!!!!!!!!!!!!!
no request plugin is loaded, you will not be able to manage requests.
you may need to install the package for your language of choice, or simply load it with --plugin.
!!!!!!!!!!! END OF WARNING !!!!!!!!!!
spawned uWSGI master process (pid: 3798)
spawned uWSGI worker 1 (pid: 3799, cores: 1)
spawned uWSGI worker 2 (pid: 3800, cores: 1)
spawned uWSGI worker 3 (pid: 3801, cores: 1)
spawned uWSGI worker 4 (pid: 3802, cores: 1)
-- unavailable modifier requested: 0 --
-- unavailable modifier requested: 0 --
-- unavailable modifier requested: 0 --
*** Starting uWSGI 2.0.18-debian (64bit) on [Fri Apr 16 03:03:30 2021] ***
compiled with version: 10.0.1 20200405 (experimental) [master revision 0be9efad938:fcb98e4978a:705510a708d3642c9c962beb663c476167e4e8a4] on 11 April 2020 11:15:55
os: Linux-5.4.0-1043-aws #45-Ubuntu SMP Fri Apr 9 22:49:26 UTC 2021
nodename: ip-172-31-25-150
machine: x86_64
clock source: unix
pcre jit disabled
detected number of CPU cores: 1
current working directory: /home/ubuntu/deployment
writing pidfile to uwsgi.pid
detected binary path: /usr/bin/uwsgi-core
chdir() to /home/ubuntu/deployment/
your processes number limit is 3752
your memory page size is 4096 bytes
detected max file descriptor number: 1024
lock engine: pthread robust mutexes
thunder lock: disabled (you can enable it with --thunder-lock)
uwsgi socket 0 bound to UNIX address /home/ubuntu/deployment/yourapplication.sock fd 3
your server socket listen backlog is limited to 100 connections
your mercy for graceful operations on workers is 60 seconds
mapped 364600 bytes (356 KB) for 4 cores
*** Operational MODE: preforking ***
*** no app loaded. going in full dynamic mode ***
*** uWSGI is running in multiple interpreter mode ***
!!!!!!!!!!!!!! WARNING !!!!!!!!!!!!!!
no request plugin is loaded, you will not be able to manage requests.
you may need to install the package for your language of choice, or simply load it with --plugin.
!!!!!!!!!!! END OF WARNING !!!!!!!!!!
spawned uWSGI master process (pid: 4162)
spawned uWSGI worker 1 (pid: 4163, cores: 1)
spawned uWSGI worker 2 (pid: 4164, cores: 1)
spawned uWSGI worker 3 (pid: 4165, cores: 1)
spawned uWSGI worker 4 (pid: 4166, cores: 1)
-- unavailable modifier requested: 0 --
-- unavailable modifier requested: 0 --
...brutally killing workers...
...brutally killing workers...
worker 1 buried after 1 seconds
worker 2 buried after 1 seconds
worker 3 buried after 1 seconds
worker 4 buried after 1 seconds
binary reloading uWSGI...
chdir() to /home/ubuntu/deployment
closing all non-uwsgi socket fds > 2 (max_fd = 1024)...
found fd 3 mapped to socket 0 (/home/ubuntu/deployment/yourapplication.sock)
running /usr/bin/uwsgi-core
worker 1 buried after 1 seconds
worker 2 buried after 1 seconds
worker 3 buried after 1 seconds
worker 4 buried after 1 seconds
binary reloading uWSGI...
chdir() to /home/ubuntu/deployment
closing all non-uwsgi socket fds > 2 (max_fd = 1024)...
found fd 3 mapped to socket 0 (/home/ubuntu/deployment/yourapplication.sock)
running /usr/bin/uwsgi-core
[uWSGI] getting INI configuration from uwsgi.ini
*** Starting uWSGI 2.0.18-debian (64bit) on [Fri Apr 16 03:04:41 2021] ***
compiled with version: 10.0.1 20200405 (experimental) [master revision 0be9efad938:fcb98e4978a:705510a708d3642c9c962beb663c476167e4e8a4] on 11 April 2020 11:15:55
os: Linux-5.4.0-1043-aws #45-Ubuntu SMP Fri Apr 9 22:49:26 UTC 2021
nodename: ip-172-31-25-150
machine: x86_64
clock source: unix
pcre jit disabled
detected number of CPU cores: 1
current working directory: /home/ubuntu/deployment
detected binary path: /usr/bin/uwsgi-core
chdir() to /home/ubuntu/deployment/
your processes number limit is 3752
your memory page size is 4096 bytes
detected max file descriptor number: 1024
lock engine: pthread robust mutexes
thunder lock: disabled (you can enable it with --thunder-lock)
uwsgi socket 0 inherited UNIX address /home/ubuntu/deployment/yourapplication.sock fd 3
[uWSGI] getting INI configuration from uwsgi.ini
*** Starting uWSGI 2.0.18-debian (64bit) on [Fri Apr 16 03:04:41 2021] ***
compiled with version: 10.0.1 20200405 (experimental) [master revision 0be9efad938:fcb98e4978a:705510a708d3642c9c962beb663c476167e4e8a4] on 11 April 2020 11:15:55
os: Linux-5.4.0-1043-aws #45-Ubuntu SMP Fri Apr 9 22:49:26 UTC 2021
nodename: ip-172-31-25-150
machine: x86_64
clock source: unix
pcre jit disabled
detected number of CPU cores: 1
current working directory: /home/ubuntu/deployment
detected binary path: /usr/bin/uwsgi-core
chdir() to /home/ubuntu/deployment/
your processes number limit is 3752
your memory page size is 4096 bytes
detected max file descriptor number: 1024
lock engine: pthread robust mutexes
thunder lock: disabled (you can enable it with --thunder-lock)
uwsgi socket 0 inherited UNIX address /home/ubuntu/deployment/yourapplication.sock fd 3
your server socket listen backlog is limited to 100 connections
your mercy for graceful operations on workers is 60 seconds
mapped 364600 bytes (356 KB) for 4 cores
*** Operational MODE: preforking ***
*** no app loaded. going in full dynamic mode ***
*** uWSGI is running in multiple interpreter mode ***
!!!!!!!!!!!!!! WARNING !!!!!!!!!!!!!!
no request plugin is loaded, you will not be able to manage requests.
you may need to install the package for your language of choice, or simply load it with --plugin.
!!!!!!!!!!! END OF WARNING !!!!!!!!!!
gracefully (RE)spawned uWSGI master process (pid: 4162)
spawned uWSGI worker 1 (pid: 4606, cores: 1)
spawned uWSGI worker 2 (pid: 4607, cores: 1)
spawned uWSGI worker 3 (pid: 4608, cores: 1)
spawned uWSGI worker 4 (pid: 4609, cores: 1)
your server socket listen backlog is limited to 100 connections
your mercy for graceful operations on workers is 60 seconds
mapped 364600 bytes (356 KB) for 4 cores
*** Operational MODE: preforking ***
*** no app loaded. going in full dynamic mode ***
*** uWSGI is running in multiple interpreter mode ***
!!!!!!!!!!!!!! WARNING !!!!!!!!!!!!!!
no request plugin is loaded, you will not be able to manage requests.
you may need to install the package for your language of choice, or simply load it with --plugin.
!!!!!!!!!!! END OF WARNING !!!!!!!!!!
gracefully (RE)spawned uWSGI master process (pid: 3798)
spawned uWSGI worker 1 (pid: 4610, cores: 1)
spawned uWSGI worker 2 (pid: 4611, cores: 1)
spawned uWSGI worker 3 (pid: 4612, cores: 1)
spawned uWSGI worker 4 (pid: 4613, cores: 1)
*** Starting uWSGI 2.0.18-debian (64bit) on [Fri Apr 16 03:05:05 2021] ***
compiled with version: 10.0.1 20200405 (experimental) [master revision 0be9efad938:fcb98e4978a:705510a708d3642c9c962beb663c476167e4e8a4] on 11 April 2020 11:15:55
os: Linux-5.4.0-1043-aws #45-Ubuntu SMP Fri Apr 9 22:49:26 UTC 2021
nodename: ip-172-31-25-150
machine: x86_64
clock source: unix
pcre jit disabled
detected number of CPU cores: 1
current working directory: /home/ubuntu/deployment
writing pidfile to uwsgi.pid
detected binary path: /usr/bin/uwsgi-core
chdir() to /home/ubuntu/deployment/
*** WARNING: you are running uWSGI without its master process manager ***
your processes number limit is 3752
your memory page size is 4096 bytes
detected max file descriptor number: 1024
lock engine: pthread robust mutexes
thunder lock: disabled (you can enable it with --thunder-lock)
uwsgi socket 0 bound to UNIX address /home/ubuntu/deployment/yourapplication.sock fd 3
your server socket listen backlog is limited to 100 connections
your mercy for graceful operations on workers is 60 seconds
mapped 291680 bytes (284 KB) for 4 cores
*** Operational MODE: preforking ***
*** no app loaded. going in full dynamic mode ***
*** uWSGI is running in multiple interpreter mode ***
!!!!!!!!!!!!!! WARNING !!!!!!!!!!!!!!
no request plugin is loaded, you will not be able to manage requests.
you may need to install the package for your language of choice, or simply load it with --plugin.
!!!!!!!!!!! END OF WARNING !!!!!!!!!!
spawned uWSGI worker 1 (pid: 4762, cores: 1)
spawned uWSGI worker 2 (pid: 4763, cores: 1)
spawned uWSGI worker 3 (pid: 4764, cores: 1)
spawned uWSGI worker 4 (pid: 4765, cores: 1)
*** Starting uWSGI 2.0.18-debian (64bit) on [Fri Apr 16 03:08:42 2021] ***
compiled with version: 10.0.1 20200405 (experimental) [master revision 0be9efad938:fcb98e4978a:705510a708d3642c9c962beb663c476167e4e8a4] on 11 April 2020 11:15:55
os: Linux-5.4.0-1043-aws #45-Ubuntu SMP Fri Apr 9 22:49:26 UTC 2021
nodename: ip-172-31-25-150
machine: x86_64
clock source: unix
pcre jit disabled
detected number of CPU cores: 1
current working directory: /home/ubuntu/deployment
writing pidfile to uwsgi.pid
detected binary path: /usr/bin/uwsgi-core
chdir() to /home/ubuntu/deployment/
your processes number limit is 3752
your memory page size is 4096 bytes
detected max file descriptor number: 1024
lock engine: pthread robust mutexes
thunder lock: disabled (you can enable it with --thunder-lock)
uwsgi socket 0 bound to UNIX address /home/ubuntu/deployment/yourapplication.sock fd 3
Python version: 3.8.5 (default, Jan 27 2021, 15:41:15)  [GCC 9.3.0]
*** Python threads support is disabled. You can enable it with --enable-threads ***
Python main interpreter initialized at 0x55a97098e9a0
your server socket listen backlog is limited to 100 connections
your mercy for graceful operations on workers is 60 seconds
mapped 364600 bytes (356 KB) for 4 cores
*** Operational MODE: preforking ***
2021-04-16 03:08:46.940200: I tensorflow/compiler/jit/xla_cpu_device.cc:41] Not creating XLA devices, tf_xla_enable_xla_devices not set
WSGI app 0 (mountpoint='') ready in 5 seconds on interpreter 0x55a97098e9a0 pid: 6118 (default app)
*** uWSGI is running in multiple interpreter mode ***
spawned uWSGI master process (pid: 6118)
spawned uWSGI worker 1 (pid: 6153, cores: 1)
spawned uWSGI worker 2 (pid: 6154, cores: 1)
spawned uWSGI worker 3 (pid: 6155, cores: 1)
spawned uWSGI worker 4 (pid: 6156, cores: 1)
[pid: 6153|app: 0|req: 1/1] 162.158.78.41 () {74 vars in 1409 bytes} [Fri Apr 16 03:08:47 2021] GET / => generated 6045 bytes in 12 msecs (HTTP/1.1 200) 2 headers in 81 bytes (1 switches on core 0)
[pid: 6155|app: 0|req: 1/2] 162.158.78.41 () {74 vars in 1409 bytes} [Fri Apr 16 03:08:49 2021] GET / => generated 6045 bytes in 11 msecs (HTTP/1.1 200) 2 headers in 81 bytes (1 switches on core 0)
hello
Hello, I am great, how are you? Please tell me your GeniSys user
[pid: 6155|app: 0|req: 2/3] 162.158.78.41 () {76 vars in 1408 bytes} [Fri Apr 16 03:08:50 2021] POST /ask => generated 125 bytes in 103 msecs (HTTP/1.1 200) 2 headers in 72 bytes (1 switches on core 0)
hello
Hi, I am great, how are you? Please tell me your GeniSys user
[pid: 6155|app: 0|req: 3/4] 162.158.78.41 () {76 vars in 1408 bytes} [Fri Apr 16 03:08:57 2021] POST /ask => generated 122 bytes in 20 msecs (HTTP/1.1 200) 2 headers in 72 bytes (1 switches on core 0)
[pid: 6156|app: 0|req: 1/5] 162.158.78.41 () {74 vars in 1409 bytes} [Fri Apr 16 03:08:58 2021] GET / => generated 6045 bytes in 11 msecs (HTTP/1.1 200) 2 headers in 81 bytes (1 switches on core 0)
cov
Please look at the camera
[pid: 6155|app: 0|req: 4/6] 162.158.78.41 () {76 vars in 1408 bytes} [Fri Apr 16 03:09:00 2021] POST /ask => generated 76 bytes in 20 msecs (HTTP/1.1 200) 2 headers in 71 bytes (2 switches on core 0)
